08:32:52 | INFO     | ╔═══════════════════════════════════════════════════════════════╗
08:32:52 | INFO     | ║       СЕМІНАРСЬКЕ ЗАВДАННЯ №2                              ║
08:32:52 | INFO     | ║       ІМОВІРНІСНЕ МАШИННЕ НАВЧАННЯ                         ║
08:32:52 | INFO     | ╚═══════════════════════════════════════════════════════════════╝
08:32:52 | INFO     | N = 500 реалізацій,  random seed = 42
08:32:52 | INFO     | =================================================================
08:32:52 | INFO     | ЗАВДАННЯ 1 — 2D Gaussian, μ=(1,1), R=I
08:32:52 | INFO     | Байєсівський лінійний та оптимальний класифікатори
08:32:52 | INFO     | =================================================================
08:32:52 | INFO     | Клас 1 : μ₁ = [1. 1.]
08:32:52 | INFO     | Клас 0 : μ₀ = [-1. -1.]
08:32:52 | INFO     | R = I (однакова для обох класів)
08:32:52 | INFO     | N = 500 (по 250 зразків на клас)
08:32:52 | INFO     | Вибірку згенеровано: 500 зразків
08:32:52 | INFO     | 
[Лінійний класифікатор (LDA)]
08:32:52 | INFO     |   Ваговий вектор  w = R⁻¹(μ₁−μ₀) = [2. 2.]
08:32:52 | INFO     |   Поріг θ = ½·w ᵀ(μ₁+μ₀) = 0.0000
08:32:52 | INFO     |   Похибка класифікації = 0.0820  (8.20%)
08:32:52 | INFO     | 
[Оптимальний класифікатор (MAP/Байєс)]
08:32:52 | INFO     |   Правило: argmax_k  log p(x|C=k)
08:32:52 | INFO     |   Похибка класифікації = 0.0820  (8.20%)
08:32:52 | INFO     | 
[Теоретична оцінка]
08:32:52 | INFO     |   Відстань Махаланобіса d = 2.8284
08:32:52 | INFO     |   Теоретична похибка Байєса P_e = Φ(−d/2) = 0.0786  (7.86%)
08:32:52 | INFO     | Збережено: task1_classifiers.png
08:32:57 | INFO     | 
=================================================================
08:32:57 | INFO     | ЗАВДАННЯ 2 — 2D Gaussian, μ=(0,1), 4 кореляційні матриці
08:32:57 | INFO     | =================================================================
08:32:57 | INFO     | 
--- R₁ (ρ= 0.8) ---
08:32:57 | INFO     |   R =
[[1.  0.8]
 [0.8 1. ]]
08:32:57 | INFO     |   Власні числа: [0.2 1.8]
08:32:57 | INFO     |   Позитивно визначена: True
08:32:57 | INFO     |   Вибіркове середнє : [-0.0845  0.9654]
08:32:57 | INFO     |   Вибіркова кореляція : ρ̂ = 0.7686  (теор. ρ = 0.8)
08:32:58 | INFO     | 
--- R₂ (ρ=−0.5) ---
08:32:58 | INFO     |   R =
[[ 1.  -0.5]
 [-0.5  1. ]]
08:32:58 | INFO     |   Власні числа: [0.5 1.5]
08:32:58 | INFO     |   Позитивно визначена: True
08:32:58 | INFO     |   Вибіркове середнє : [0.0198 1.0021]
08:32:58 | INFO     |   Вибіркова кореляція : ρ̂ = -0.5000  (теор. ρ = -0.5)
08:32:58 | INFO     | 
--- R₃ (ρ= 0.6) ---
08:32:58 | INFO     |   R =
[[1.  0.6]
 [0.6 1. ]]
08:32:58 | INFO     |   Власні числа: [0.4 1.6]
08:32:58 | INFO     |   Позитивно визначена: True
08:32:58 | INFO     |   Вибіркове середнє : [0.0218 0.9986]
08:32:58 | INFO     |   Вибіркова кореляція : ρ̂ = 0.6071  (теор. ρ = 0.6)
08:32:58 | INFO     | 
--- R₄ (ρ=−0.7) ---
08:32:58 | INFO     |   R =
[[ 1.  -0.7]
 [-0.7  1. ]]
08:32:58 | INFO     |   Власні числа: [0.3 1.7]
08:32:58 | INFO     |   Позитивно визначена: True
08:32:58 | INFO     |   Вибіркове середнє : [0.0297 0.9341]
08:32:58 | INFO     |   Вибіркова кореляція : ρ̂ = -0.6822  (теор. ρ = -0.7)
08:32:58 | INFO     | Збережено: task2_gaussian_2d.png
08:33:00 | INFO     | 
=================================================================
08:33:00 | INFO     | ЗАВДАННЯ 3 — 3D Gaussian, R=I, 4 різних математичних сподівання
08:33:00 | INFO     | =================================================================
08:33:00 | INFO     | 
--- μ=(0,0,0) ---
08:33:00 | INFO     |   Теоретичне μ    : [0 0 0]
08:33:00 | INFO     |   Вибіркове μ̂     : [-0.0229 -0.0486 -0.0458]
08:33:00 | INFO     |   Вибіркове σ̂     : [0.9837 1.0225 0.9983]  (теор. σ=1 для всіх)
08:33:00 | INFO     | 
--- μ=(1,0,0) ---
08:33:00 | INFO     |   Теоретичне μ    : [1 0 0]
08:33:00 | INFO     |   Вибіркове μ̂     : [ 1.0406  0.0027 -0.0374]
08:33:00 | INFO     |   Вибіркове σ̂     : [1.0158 1.0638 1.0585]  (теор. σ=1 для всіх)
08:33:00 | INFO     | 
--- μ=(0,1,0) ---
08:33:00 | INFO     |   Теоретичне μ    : [0 1 0]
08:33:00 | INFO     |   Вибіркове μ̂     : [0.0391 0.9818 0.009 ]
08:33:00 | INFO     |   Вибіркове σ̂     : [0.9997 1.018  0.9611]  (теор. σ=1 для всіх)
08:33:00 | INFO     | 
--- μ=(0,0,1) ---
08:33:00 | INFO     |   Теоретичне μ    : [0 0 1]
08:33:00 | INFO     |   Вибіркове μ̂     : [-0.031  -0.0502  0.9842]
08:33:00 | INFO     |   Вибіркове σ̂     : [0.9335 0.9805 0.9968]  (теор. σ=1 для всіх)
08:33:01 | INFO     | Збережено: task3_3d_scatter.png
08:33:03 | INFO     | Збережено: task3_projections.png
08:33:04 | INFO     | 
=================================================================
08:33:04 | INFO     | ЗАВДАННЯ 4 — 3D Gaussian, μ=(1,1,1), 4 кореляційні матриці
08:33:04 | INFO     | =================================================================
08:33:04 | INFO     | 
--- R₁ (всі +) ---
08:33:04 | INFO     |   R =
[[1.  0.8 0.6]
 [0.8 1.  0.7]
 [0.6 0.7 1. ]]
08:33:04 | INFO     |   Власні числа  : [0.183  0.4138 2.4032]
08:33:04 | INFO     |   Поз. визначена: True
08:33:04 | INFO     |   Вибіркове середнє       : [1.0888 1.0466 1.0584]
08:33:04 | INFO     |   Вибіркова кор. матриця  :
[[1.    0.79  0.609]
 [0.79  1.    0.719]
 [0.609 0.719 1.   ]]
08:33:04 | INFO     | 
--- R₂ (мішані знаки 1) ---
08:33:04 | INFO     |   R =
[[ 1.  -0.8 -0.6]
 [-0.8  1.   0.6]
 [-0.6  0.6  1. ]]
08:33:04 | INFO     |   Власні числа  : [0.2    0.4619 2.3381]
08:33:04 | INFO     |   Поз. визначена: True
08:33:04 | INFO     |   Вибіркове середнє       : [1.107  0.9613 0.9841]
08:33:04 | INFO     |   Вибіркова кор. матриця  :
[[ 1.    -0.786 -0.588]
 [-0.786  1.     0.602]
 [-0.588  0.602  1.   ]]
08:33:04 | INFO     | 
--- R₃ (мішані знаки 2) ---
08:33:04 | INFO     |   R =
[[ 1.   0.8 -0.6]
 [ 0.8  1.  -0.4]
 [-0.6 -0.4  1. ]]
08:33:04 | INFO     |   Власні числа  : [0.1624 0.6226 2.2149]
08:33:04 | INFO     |   Поз. визначена: True
08:33:04 | INFO     |   Вибіркове середнє       : [1.0264 1.0567 1.0009]
08:33:04 | INFO     |   Вибіркова кор. матриця  :
[[ 1.     0.81  -0.63 ]
 [ 0.81   1.    -0.435]
 [-0.63  -0.435  1.   ]]
08:33:04 | INFO     | 
--- R₄ (від'ємні кореляції) ---
08:33:04 | INFO     |   R =
[[ 1.  -0.8 -0.7]
 [-0.8  1.   0.8]
 [-0.7  0.8  1. ]]
08:33:04 | INFO     |   Власні числа  : [0.1657 0.3    2.5343]
08:33:04 | INFO     |   Поз. визначена: True
08:33:04 | INFO     |   Вибіркове середнє       : [0.979  0.9989 1.0288]
08:33:04 | INFO     |   Вибіркова кор. матриця  :
[[ 1.    -0.784 -0.634]
 [-0.784  1.     0.77 ]
 [-0.634  0.77   1.   ]]
08:33:05 | INFO     | Збережено: task4_correlation_heatmaps.png
08:33:07 | INFO     | Збережено: task4_scatter_r1.png
08:33:08 | INFO     | 
=================================================================
08:33:08 | INFO     | ЗАВДАННЯ 8 — Перевірка гіпотез про закон розподілу
08:33:08 | INFO     | =================================================================
08:33:08 | INFO     | Нульова гіпотеза H₀: дані мають нормальний закон розподілу
08:33:08 | INFO     | Альтернатива  H₁: розподіл ≠ нормальному
08:33:08 | INFO     | Рівень значущості α = 0.05
08:33:08 | INFO     | 
[Нормальність: 2D Gaussian μ=(1,1), R=I]
08:33:08 | INFO     |   Вимір 1 | Shapiro-Wilk  : W=0.9983, p=0.9133  → ✓ Нормальний
08:33:08 | INFO     |   Вимір 1 | Kolmogorov-Smirnov: D=0.0228, p=0.9520  → ✓ Нормальний
08:33:08 | INFO     |   Вимір 2 | Shapiro-Wilk  : W=0.9968, p=0.4287  → ✓ Нормальний
08:33:08 | INFO     |   Вимір 2 | Kolmogorov-Smirnov: D=0.0417, p=0.3408  → ✓ Нормальний
08:33:08 | INFO     | 
[Нормальність: 3D Gaussian μ=(1,0,0), R=I]
08:33:08 | INFO     |   Вимір 1 | Shapiro-Wilk  : W=0.9971, p=0.5219  → ✓ Нормальний
08:33:08 | INFO     |   Вимір 1 | Kolmogorov-Smirnov: D=0.0320, p=0.6736  → ✓ Нормальний
08:33:08 | INFO     |   Вимір 2 | Shapiro-Wilk  : W=0.9974, p=0.6255  → ✓ Нормальний
08:33:08 | INFO     |   Вимір 2 | Kolmogorov-Smirnov: D=0.0242, p=0.9243  → ✓ Нормальний
08:33:08 | INFO     |   Вимір 3 | Shapiro-Wilk  : W=0.9969, p=0.4492  → ✓ Нормальний
08:33:08 | INFO     |   Вимір 3 | Kolmogorov-Smirnov: D=0.0233, p=0.9431  → ✓ Нормальний
08:33:09 | INFO     | Збережено: task8_normality.png
08:33:11 | INFO     | 
=================================================================
08:33:11 | INFO     | ЗАВДАННЯ 9 — Набір даних із 5 ознак
08:33:11 | INFO     |   x₁,x₂  → сильна кореляція  ρ=0.9
08:33:11 | INFO     |   x₃     → незалежна         ρ=0.0
08:33:11 | INFO     |   x₄,x₅  → слабка кореляція  ρ=0.3
08:33:11 | INFO     | =================================================================
08:33:11 | INFO     | 
Вектор середніх μ = [ 2.   2.5  0.  -1.   1.5]
08:33:11 | INFO     | Кореляційна матриця R:
[[1.  0.9 0.  0.  0. ]
 [0.9 1.  0.  0.  0. ]
 [0.  0.  1.  0.  0. ]
 [0.  0.  0.  1.  0.3]
 [0.  0.  0.  0.3 1. ]]
08:33:11 | INFO     | Власні числа R : [0.1 0.7 1.  1.3 1.9]
08:33:11 | INFO     | Позитивно визначена: True
08:33:11 | INFO     | 
Вибіркова кореляційна матриця:
[[ 1.     0.9    0.079  0.037  0.116]
 [ 0.9    1.     0.049  0.042  0.139]
 [ 0.079  0.049  1.    -0.114 -0.122]
 [ 0.037  0.042 -0.114  1.     0.296]
 [ 0.116  0.139 -0.122  0.296  1.   ]]
08:33:11 | INFO     | 
--- Перші 10 векторів даних ---
08:33:11 | INFO     | 
         x₁        x₂        x₃        x₄        x₅
0  1.931534  1.920069 -1.680780 -1.524315  1.860269
1  2.498861  2.815989  1.029758 -1.497645  0.450376
2  2.528874  3.334349 -0.634795  0.920081  1.511400
3  1.603500  2.127432 -0.954404 -0.744900  0.341074
4  1.842258  2.532783 -0.289483 -1.893376  2.630841
5 -0.053417  0.711857  1.703271 -1.387412 -0.158733
6  2.656761  2.684905  1.496003  0.514816  2.667314
7  2.017045  3.291089 -0.693698 -0.226961  2.010834
8  2.482161  3.316730  0.848837 -2.572184  0.396691
9  1.920446  2.552934  0.566980 -1.052017 -0.521676
08:33:11 | INFO     | 
--- Пояснення кореляційної матриці ---
08:33:11 | INFO     |   R[0,1] =  0.9 → x₁ та x₂ СИЛЬНО позитивно корельовані:
08:33:11 | INFO     |               при зростанні x₁, x₂ зростає пропорційно
08:33:11 | INFO     |   R[2,*] =  0.0 → x₃ НЕЗАЛЕЖНА від усіх інших ознак:
08:33:11 | INFO     |               зміна x₃ не несе інформації про x₁,x₂,x₄,x₅
08:33:11 | INFO     |   R[3,4] =  0.3 → x₄ та x₅ СЛАБО позитивно корельовані:
08:33:11 | INFO     |               між ними є помірний лінійний зв'язок
08:33:11 | INFO     |   Діагональ = 1.0 → дисперсія кожної ознаки нормована до 1
08:33:11 | INFO     | Збережено: task9_correlation_heatmap.png
08:33:13 | INFO     | Збережено: task9_scatter_matrix.png
08:33:16 | INFO     | Збережено: task9_correlation_types.png
08:33:17 | INFO     | 
╔═══════════════════════════════════════════════════════════════╗
08:33:17 | INFO     | ║  Всі завдання виконано успішно!                            ║
08:33:17 | INFO     | ╚═══════════════════════════════════════════════════════════════╝
